mode: set
github.com/jcsvwinston/GoFrame/pkg/observe/logger.go:23.51,28.33 4 1
github.com/jcsvwinston/GoFrame/pkg/observe/logger.go:29.14,30.49 1 1
github.com/jcsvwinston/GoFrame/pkg/observe/logger.go:31.10,32.49 1 1
github.com/jcsvwinston/GoFrame/pkg/observe/logger.go:35.2,35.26 1 1
github.com/jcsvwinston/GoFrame/pkg/observe/logger.go:40.73,41.19 1 1
github.com/jcsvwinston/GoFrame/pkg/observe/logger.go:41.19,43.3 1 1
github.com/jcsvwinston/GoFrame/pkg/observe/logger.go:44.2,44.43 1 1
github.com/jcsvwinston/GoFrame/pkg/observe/logger.go:44.43,46.3 1 1
github.com/jcsvwinston/GoFrame/pkg/observe/logger.go:47.2,47.40 1 1
github.com/jcsvwinston/GoFrame/pkg/observe/logger.go:47.40,49.3 1 1
github.com/jcsvwinston/GoFrame/pkg/observe/logger.go:50.2,50.41 1 1
github.com/jcsvwinston/GoFrame/pkg/observe/logger.go:50.41,52.3 1 1
github.com/jcsvwinston/GoFrame/pkg/observe/logger.go:53.2,53.15 1 1
github.com/jcsvwinston/GoFrame/pkg/observe/logger.go:57.71,59.2 1 1
github.com/jcsvwinston/GoFrame/pkg/observe/logger.go:62.51,63.54 1 1
github.com/jcsvwinston/GoFrame/pkg/observe/logger.go:63.54,65.3 1 1
github.com/jcsvwinston/GoFrame/pkg/observe/logger.go:66.2,66.11 1 1
github.com/jcsvwinston/GoFrame/pkg/observe/logger.go:70.68,72.2 1 1
github.com/jcsvwinston/GoFrame/pkg/observe/logger.go:75.48,76.51 1 1
github.com/jcsvwinston/GoFrame/pkg/observe/logger.go:76.51,78.3 1 1
github.com/jcsvwinston/GoFrame/pkg/observe/logger.go:79.2,79.11 1 1
github.com/jcsvwinston/GoFrame/pkg/observe/logger.go:83.69,85.2 1 1
github.com/jcsvwinston/GoFrame/pkg/observe/logger.go:88.49,89.52 1 1
github.com/jcsvwinston/GoFrame/pkg/observe/logger.go:89.52,91.3 1 1
github.com/jcsvwinston/GoFrame/pkg/observe/logger.go:92.2,92.11 1 1
github.com/jcsvwinston/GoFrame/pkg/observe/logger.go:95.38,96.28 1 1
github.com/jcsvwinston/GoFrame/pkg/observe/logger.go:97.15,98.25 1 1
github.com/jcsvwinston/GoFrame/pkg/observe/logger.go:99.25,100.24 1 1
github.com/jcsvwinston/GoFrame/pkg/observe/logger.go:101.15,102.25 1 1
github.com/jcsvwinston/GoFrame/pkg/observe/logger.go:103.10,104.24 1 1
github.com/jcsvwinston/GoFrame/pkg/observe/otel.go:30.125,31.47 1 1
github.com/jcsvwinston/GoFrame/pkg/observe/otel.go:31.47,32.38 1 1
github.com/jcsvwinston/GoFrame/pkg/observe/otel.go:32.38,32.52 1 1
github.com/jcsvwinston/GoFrame/pkg/observe/otel.go:34.2,34.16 1 1
github.com/jcsvwinston/GoFrame/pkg/observe/otel.go:34.16,36.3 1 0
github.com/jcsvwinston/GoFrame/pkg/observe/otel.go:37.2,37.19 1 1
github.com/jcsvwinston/GoFrame/pkg/observe/otel.go:37.19,39.3 1 1
github.com/jcsvwinston/GoFrame/pkg/observe/otel.go:41.2,42.23 2 1
github.com/jcsvwinston/GoFrame/pkg/observe/otel.go:42.23,44.3 1 0
github.com/jcsvwinston/GoFrame/pkg/observe/otel.go:46.2,47.16 2 1
github.com/jcsvwinston/GoFrame/pkg/observe/otel.go:47.16,49.3 1 1
github.com/jcsvwinston/GoFrame/pkg/observe/otel.go:51.2,57.16 2 1
github.com/jcsvwinston/GoFrame/pkg/observe/otel.go:57.16,59.3 1 0
github.com/jcsvwinston/GoFrame/pkg/observe/otel.go:61.2,63.14 3 1
github.com/jcsvwinston/GoFrame/pkg/observe/otel.go:63.14,66.3 2 1
github.com/jcsvwinston/GoFrame/pkg/observe/otel.go:68.2,69.16 2 1
github.com/jcsvwinston/GoFrame/pkg/observe/otel.go:69.16,71.3 1 0
github.com/jcsvwinston/GoFrame/pkg/observe/otel.go:72.2,73.16 2 1
github.com/jcsvwinston/GoFrame/pkg/observe/otel.go:73.16,75.3 1 0
github.com/jcsvwinston/GoFrame/pkg/observe/otel.go:77.2,92.49 7 1
github.com/jcsvwinston/GoFrame/pkg/observe/otel.go:92.49,93.25 1 1
github.com/jcsvwinston/GoFrame/pkg/observe/otel.go:93.25,95.4 1 0
github.com/jcsvwinston/GoFrame/pkg/observe/otel.go:96.3,97.50 2 1
github.com/jcsvwinston/GoFrame/pkg/observe/otel.go:97.50,99.4 1 1
github.com/jcsvwinston/GoFrame/pkg/observe/otel.go:100.3,100.50 1 1
github.com/jcsvwinston/GoFrame/pkg/observe/otel.go:100.50,102.4 1 0
github.com/jcsvwinston/GoFrame/pkg/observe/otel.go:103.3,103.20 1 1
github.com/jcsvwinston/GoFrame/pkg/observe/otel.go:103.20,105.4 1 1
github.com/jcsvwinston/GoFrame/pkg/observe/otel.go:106.3,106.13 1 0
github.com/jcsvwinston/GoFrame/pkg/observe/otel.go:110.80,112.19 2 1
github.com/jcsvwinston/GoFrame/pkg/observe/otel.go:112.19,114.3 1 1
github.com/jcsvwinston/GoFrame/pkg/observe/otel.go:116.2,116.39 1 1
github.com/jcsvwinston/GoFrame/pkg/observe/otel.go:116.39,118.3 1 1
github.com/jcsvwinston/GoFrame/pkg/observe/otel.go:120.2,121.16 2 1
github.com/jcsvwinston/GoFrame/pkg/observe/otel.go:121.16,123.3 1 1
github.com/jcsvwinston/GoFrame/pkg/observe/otel.go:124.2,124.18 1 1
github.com/jcsvwinston/GoFrame/pkg/observe/otel.go:124.18,126.3 1 1
github.com/jcsvwinston/GoFrame/pkg/observe/otel.go:127.2,127.35 1 1
github.com/jcsvwinston/GoFrame/pkg/observe/otel.go:128.14,129.27 1 1
github.com/jcsvwinston/GoFrame/pkg/observe/otel.go:130.15,131.28 1 1
github.com/jcsvwinston/GoFrame/pkg/observe/otel.go:132.10,133.75 1 1
