mode: set
github.com/jcsvwinston/GoFrame/pkg/quark/client.go:32.66,34.2 1 1
github.com/jcsvwinston/GoFrame/pkg/quark/client.go:49.55,50.15 1 1
github.com/jcsvwinston/GoFrame/pkg/quark/client.go:50.15,52.3 1 0
github.com/jcsvwinston/GoFrame/pkg/quark/client.go:55.2,57.44 3 1
github.com/jcsvwinston/GoFrame/pkg/quark/client.go:57.44,59.3 1 0
github.com/jcsvwinston/GoFrame/pkg/quark/client.go:61.2,71.22 2 1
github.com/jcsvwinston/GoFrame/pkg/quark/client.go:71.22,75.17 3 1
github.com/jcsvwinston/GoFrame/pkg/quark/client.go:75.17,81.4 2 0
github.com/jcsvwinston/GoFrame/pkg/quark/client.go:81.9,83.4 1 1
github.com/jcsvwinston/GoFrame/pkg/quark/client.go:87.2,87.27 1 1
github.com/jcsvwinston/GoFrame/pkg/quark/client.go:87.27,89.3 1 1
github.com/jcsvwinston/GoFrame/pkg/quark/client.go:91.2,96.15 2 1
github.com/jcsvwinston/GoFrame/pkg/quark/client.go:111.73,115.16 3 1
github.com/jcsvwinston/GoFrame/pkg/quark/client.go:115.16,124.3 1 0
github.com/jcsvwinston/GoFrame/pkg/quark/client.go:126.2,138.48 2 1
github.com/jcsvwinston/GoFrame/pkg/quark/client.go:138.48,140.17 2 1
github.com/jcsvwinston/GoFrame/pkg/quark/client.go:140.17,143.4 2 0
github.com/jcsvwinston/GoFrame/pkg/quark/client.go:145.3,145.48 1 1
github.com/jcsvwinston/GoFrame/pkg/quark/client.go:145.48,147.4 1 1
github.com/jcsvwinston/GoFrame/pkg/quark/client.go:147.9,147.56 1 1
github.com/jcsvwinston/GoFrame/pkg/quark/client.go:147.56,157.4 3 1
github.com/jcsvwinston/GoFrame/pkg/quark/client.go:160.2,160.10 1 1
github.com/jcsvwinston/GoFrame/pkg/quark/client.go:164.40,168.2 3 0
github.com/jcsvwinston/GoFrame/pkg/quark/client.go:173.94,174.31 1 1
github.com/jcsvwinston/GoFrame/pkg/quark/client.go:174.31,176.3 1 0
github.com/jcsvwinston/GoFrame/pkg/quark/client.go:178.2,178.62 1 1
github.com/jcsvwinston/GoFrame/pkg/quark/client.go:178.62,180.3 1 0
github.com/jcsvwinston/GoFrame/pkg/quark/client.go:182.2,194.34 5 1
github.com/jcsvwinston/GoFrame/pkg/quark/client.go:194.34,196.3 1 0
github.com/jcsvwinston/GoFrame/pkg/quark/client.go:198.2,198.18 1 1
github.com/jcsvwinston/GoFrame/pkg/quark/client.go:203.77,204.31 1 1
github.com/jcsvwinston/GoFrame/pkg/quark/client.go:204.31,206.3 1 0
github.com/jcsvwinston/GoFrame/pkg/quark/client.go:208.2,208.63 1 1
github.com/jcsvwinston/GoFrame/pkg/quark/client.go:208.63,210.3 1 0
github.com/jcsvwinston/GoFrame/pkg/quark/client.go:212.2,213.12 2 1
github.com/jcsvwinston/GoFrame/pkg/quark/client.go:218.32,220.2 1 1
github.com/jcsvwinston/GoFrame/pkg/quark/client.go:223.32,225.2 1 1
github.com/jcsvwinston/GoFrame/pkg/quark/client.go:228.36,230.2 1 1
github.com/jcsvwinston/GoFrame/pkg/quark/client.go:233.78,236.9 1 1
github.com/jcsvwinston/GoFrame/pkg/quark/client.go:237.57,238.27 1 0
github.com/jcsvwinston/GoFrame/pkg/quark/client.go:239.51,240.22 1 0
github.com/jcsvwinston/GoFrame/pkg/quark/client.go:241.52,242.23 1 1
github.com/jcsvwinston/GoFrame/pkg/quark/client.go:243.10,244.81 1 0
github.com/jcsvwinston/GoFrame/pkg/quark/client.go:248.52,250.30 2 1
github.com/jcsvwinston/GoFrame/pkg/quark/client.go:250.30,251.35 1 1
github.com/jcsvwinston/GoFrame/pkg/quark/client.go:251.35,253.4 1 1
github.com/jcsvwinston/GoFrame/pkg/quark/client.go:255.2,255.14 1 1
github.com/jcsvwinston/GoFrame/pkg/quark/cursor.go:23.33,24.14 1 1
github.com/jcsvwinston/GoFrame/pkg/quark/cursor.go:24.14,26.3 1 0
github.com/jcsvwinston/GoFrame/pkg/quark/cursor.go:27.2,27.22 1 1
github.com/jcsvwinston/GoFrame/pkg/quark/cursor.go:31.41,33.2 1 1
github.com/jcsvwinston/GoFrame/pkg/quark/cursor.go:36.35,37.14 1 1
github.com/jcsvwinston/GoFrame/pkg/quark/cursor.go:37.14,39.3 1 0
github.com/jcsvwinston/GoFrame/pkg/quark/cursor.go:40.2,55.12 6 1
github.com/jcsvwinston/GoFrame/pkg/quark/cursor.go:59.33,61.2 1 1
github.com/jcsvwinston/GoFrame/pkg/quark/dialect.go:65.37,67.2 1 1
github.com/jcsvwinston/GoFrame/pkg/quark/dialect.go:75.27,79.2 1 0
github.com/jcsvwinston/GoFrame/pkg/quark/dialect.go:81.57,83.2 1 0
github.com/jcsvwinston/GoFrame/pkg/quark/dialect.go:85.56,87.25 2 0
github.com/jcsvwinston/GoFrame/pkg/quark/dialect.go:87.25,89.3 1 0
github.com/jcsvwinston/GoFrame/pkg/quark/dialect.go:90.2,90.21 1 0
github.com/jcsvwinston/GoFrame/pkg/quark/dialect.go:93.59,95.2 1 0
github.com/jcsvwinston/GoFrame/pkg/quark/dialect.go:97.65,98.29 1 0
github.com/jcsvwinston/GoFrame/pkg/quark/dialect.go:98.29,100.3 1 0
github.com/jcsvwinston/GoFrame/pkg/quark/dialect.go:101.2,101.15 1 0
github.com/jcsvwinston/GoFrame/pkg/quark/dialect.go:101.15,103.3 1 0
github.com/jcsvwinston/GoFrame/pkg/quark/dialect.go:104.2,104.16 1 0
github.com/jcsvwinston/GoFrame/pkg/quark/dialect.go:104.16,106.3 1 0
github.com/jcsvwinston/GoFrame/pkg/quark/dialect.go:107.2,107.11 1 0
github.com/jcsvwinston/GoFrame/pkg/quark/dialect.go:110.52,112.2 1 0
github.com/jcsvwinston/GoFrame/pkg/quark/dialect.go:114.63,115.23 1 0
github.com/jcsvwinston/GoFrame/pkg/quark/dialect.go:115.23,117.3 1 0
github.com/jcsvwinston/GoFrame/pkg/quark/dialect.go:118.2,119.30 2 0
github.com/jcsvwinston/GoFrame/pkg/quark/dialect.go:119.30,121.3 1 0
github.com/jcsvwinston/GoFrame/pkg/quark/dialect.go:122.2,122.50 1 0
github.com/jcsvwinston/GoFrame/pkg/quark/dialect.go:125.55,127.2 1 0
github.com/jcsvwinston/GoFrame/pkg/quark/dialect.go:129.76,131.2 1 0
github.com/jcsvwinston/GoFrame/pkg/quark/dialect.go:133.53,135.2 1 0
github.com/jcsvwinston/GoFrame/pkg/quark/dialect.go:137.82,140.2 2 0
github.com/jcsvwinston/GoFrame/pkg/quark/dialect.go:142.85,145.2 2 0
github.com/jcsvwinston/GoFrame/pkg/quark/dialect.go:153.22,157.2 1 0
github.com/jcsvwinston/GoFrame/pkg/quark/dialect.go:159.54,161.2 1 0
github.com/jcsvwinston/GoFrame/pkg/quark/dialect.go:163.53,165.25 2 0
github.com/jcsvwinston/GoFrame/pkg/quark/dialect.go:165.25,167.3 1 0
github.com/jcsvwinston/GoFrame/pkg/quark/dialect.go:168.2,168.21 1 0
github.com/jcsvwinston/GoFrame/pkg/quark/dialect.go:171.56,173.2 1 0
github.com/jcsvwinston/GoFrame/pkg/quark/dialect.go:175.62,177.29 1 0
github.com/jcsvwinston/GoFrame/pkg/quark/dialect.go:177.29,179.3 1 0
github.com/jcsvwinston/GoFrame/pkg/quark/dialect.go:180.2,180.15 1 0
github.com/jcsvwinston/GoFrame/pkg/quark/dialect.go:180.15,182.3 1 0
github.com/jcsvwinston/GoFrame/pkg/quark/dialect.go:183.2,183.11 1 0
github.com/jcsvwinston/GoFrame/pkg/quark/dialect.go:186.49,189.2 1 0
github.com/jcsvwinston/GoFrame/pkg/quark/dialect.go:191.60,193.2 1 0
github.com/jcsvwinston/GoFrame/pkg/quark/dialect.go:195.52,197.2 1 0
github.com/jcsvwinston/GoFrame/pkg/quark/dialect.go:199.73,201.2 1 0
github.com/jcsvwinston/GoFrame/pkg/quark/dialect.go:203.50,205.2 1 0
github.com/jcsvwinston/GoFrame/pkg/quark/dialect.go:207.79,211.2 2 0
github.com/jcsvwinston/GoFrame/pkg/quark/dialect.go:213.82,216.2 2 0
github.com/jcsvwinston/GoFrame/pkg/quark/dialect.go:224.23,228.2 1 1
github.com/jcsvwinston/GoFrame/pkg/quark/dialect.go:230.55,232.2 1 1
github.com/jcsvwinston/GoFrame/pkg/quark/dialect.go:234.54,236.25 2 1
github.com/jcsvwinston/GoFrame/pkg/quark/dialect.go:236.25,238.3 1 1
github.com/jcsvwinston/GoFrame/pkg/quark/dialect.go:239.2,239.21 1 1
github.com/jcsvwinston/GoFrame/pkg/quark/dialect.go:242.57,244.2 1 1
github.com/jcsvwinston/GoFrame/pkg/quark/dialect.go:246.63,247.29 1 1
github.com/jcsvwinston/GoFrame/pkg/quark/dialect.go:247.29,249.3 1 1
github.com/jcsvwinston/GoFrame/pkg/quark/dialect.go:250.2,250.15 1 1
github.com/jcsvwinston/GoFrame/pkg/quark/dialect.go:250.15,252.3 1 1
github.com/jcsvwinston/GoFrame/pkg/quark/dialect.go:253.2,253.16 1 1
github.com/jcsvwinston/GoFrame/pkg/quark/dialect.go:253.16,255.3 1 0
github.com/jcsvwinston/GoFrame/pkg/quark/dialect.go:256.2,256.11 1 1
github.com/jcsvwinston/GoFrame/pkg/quark/dialect.go:259.50,262.2 1 1
github.com/jcsvwinston/GoFrame/pkg/quark/dialect.go:264.61,265.23 1 1
github.com/jcsvwinston/GoFrame/pkg/quark/dialect.go:265.23,267.3 1 0
github.com/jcsvwinston/GoFrame/pkg/quark/dialect.go:268.2,269.30 2 1
github.com/jcsvwinston/GoFrame/pkg/quark/dialect.go:269.30,271.3 1 1
github.com/jcsvwinston/GoFrame/pkg/quark/dialect.go:272.2,272.50 1 1
github.com/jcsvwinston/GoFrame/pkg/quark/dialect.go:275.53,277.2 1 0
github.com/jcsvwinston/GoFrame/pkg/quark/dialect.go:279.74,281.2 1 0
github.com/jcsvwinston/GoFrame/pkg/quark/dialect.go:283.51,285.2 1 1
github.com/jcsvwinston/GoFrame/pkg/quark/dialect.go:287.80,291.2 2 0
github.com/jcsvwinston/GoFrame/pkg/quark/dialect.go:293.83,297.2 2 1
github.com/jcsvwinston/GoFrame/pkg/quark/dialect.go:300.56,301.20 1 0
github.com/jcsvwinston/GoFrame/pkg/quark/dialect.go:302.41,303.27 1 0
github.com/jcsvwinston/GoFrame/pkg/quark/dialect.go:304.26,305.22 1 0
github.com/jcsvwinston/GoFrame/pkg/quark/dialect.go:306.38,307.23 1 0
github.com/jcsvwinston/GoFrame/pkg/quark/dialect.go:308.10,309.71 1 0
github.com/jcsvwinston/GoFrame/pkg/quark/events.go:38.44,40.2 1 0
github.com/jcsvwinston/GoFrame/pkg/quark/events.go:43.61,48.34 1 0
github.com/jcsvwinston/GoFrame/pkg/quark/events.go:49.18,52.116 1 0
github.com/jcsvwinston/GoFrame/pkg/quark/events.go:53.10,54.115 1 0
github.com/jcsvwinston/GoFrame/pkg/quark/events.go:59.90,61.16 2 1
github.com/jcsvwinston/GoFrame/pkg/quark/events.go:61.16,63.3 1 0
github.com/jcsvwinston/GoFrame/pkg/quark/events.go:65.2,65.65 1 1
github.com/jcsvwinston/GoFrame/pkg/quark/events.go:65.65,67.3 1 0
github.com/jcsvwinston/GoFrame/pkg/quark/events.go:69.2,70.31 2 1
github.com/jcsvwinston/GoFrame/pkg/quark/events.go:71.18,76.64 2 0
github.com/jcsvwinston/GoFrame/pkg/quark/events.go:77.15,79.53 1 0
github.com/jcsvwinston/GoFrame/pkg/quark/events.go:80.16,81.54 1 1
github.com/jcsvwinston/GoFrame/pkg/quark/events.go:82.10,83.55 1 0
github.com/jcsvwinston/GoFrame/pkg/quark/events.go:86.2,86.12 1 0
github.com/jcsvwinston/GoFrame/pkg/quark/migrator.go:15.68,16.31 1 1
github.com/jcsvwinston/GoFrame/pkg/quark/migrator.go:16.31,17.51 1 1
github.com/jcsvwinston/GoFrame/pkg/quark/migrator.go:17.51,19.4 1 0
github.com/jcsvwinston/GoFrame/pkg/quark/migrator.go:21.2,21.12 1 1
github.com/jcsvwinston/GoFrame/pkg/quark/migrator.go:24.68,26.29 2 1
github.com/jcsvwinston/GoFrame/pkg/quark/migrator.go:26.29,28.3 1 1
github.com/jcsvwinston/GoFrame/pkg/quark/migrator.go:30.2,30.32 1 1
github.com/jcsvwinston/GoFrame/pkg/quark/migrator.go:30.32,32.3 1 0
github.com/jcsvwinston/GoFrame/pkg/quark/migrator.go:34.2,38.36 3 1
github.com/jcsvwinston/GoFrame/pkg/quark/migrator.go:38.36,41.34 3 1
github.com/jcsvwinston/GoFrame/pkg/quark/migrator.go:41.34,42.12 1 0
github.com/jcsvwinston/GoFrame/pkg/quark/migrator.go:45.3,47.36 3 1
github.com/jcsvwinston/GoFrame/pkg/quark/migrator.go:50.2,50.23 1 1
github.com/jcsvwinston/GoFrame/pkg/quark/migrator.go:50.23,52.3 1 0
github.com/jcsvwinston/GoFrame/pkg/quark/migrator.go:54.2,60.16 3 1
github.com/jcsvwinston/GoFrame/pkg/quark/migrator.go:60.16,62.3 1 0
github.com/jcsvwinston/GoFrame/pkg/quark/migrator.go:64.2,64.12 1 1
github.com/jcsvwinston/GoFrame/pkg/quark/model.go:24.39,26.2 1 1
github.com/jcsvwinston/GoFrame/pkg/quark/model.go:29.52,31.2 1 1
github.com/jcsvwinston/GoFrame/pkg/quark/model.go:34.35,36.2 1 1
github.com/jcsvwinston/GoFrame/pkg/quark/model.go:39.33,41.2 1 1
github.com/jcsvwinston/GoFrame/pkg/quark/model.go:44.45,46.2 1 0
github.com/jcsvwinston/GoFrame/pkg/quark/option.go:15.36,16.25 1 1
github.com/jcsvwinston/GoFrame/pkg/quark/option.go:16.25,18.3 1 1
github.com/jcsvwinston/GoFrame/pkg/quark/option.go:23.40,24.25 1 0
github.com/jcsvwinston/GoFrame/pkg/quark/option.go:24.25,26.3 1 0
github.com/jcsvwinston/GoFrame/pkg/quark/option.go:31.48,32.25 1 1
github.com/jcsvwinston/GoFrame/pkg/quark/option.go:32.25,34.3 1 1
github.com/jcsvwinston/GoFrame/pkg/quark/option.go:39.42,40.25 1 1
github.com/jcsvwinston/GoFrame/pkg/quark/option.go:40.25,42.3 1 1
github.com/jcsvwinston/GoFrame/pkg/quark/option.go:56.29,65.2 1 1
github.com/jcsvwinston/GoFrame/pkg/quark/option.go:68.34,69.25 1 1
github.com/jcsvwinston/GoFrame/pkg/quark/option.go:69.25,71.3 1 1
github.com/jcsvwinston/GoFrame/pkg/quark/option.go:113.68,113.83 1 0
github.com/jcsvwinston/GoFrame/pkg/quark/option.go:114.68,114.83 1 0
github.com/jcsvwinston/GoFrame/pkg/quark/option.go:115.68,115.83 1 0
github.com/jcsvwinston/GoFrame/pkg/quark/page.go:23.67,24.21 1 1
github.com/jcsvwinston/GoFrame/pkg/quark/page.go:24.21,26.3 1 0
github.com/jcsvwinston/GoFrame/pkg/quark/page.go:28.2,28.19 1 1
github.com/jcsvwinston/GoFrame/pkg/quark/page.go:28.19,30.3 1 0
github.com/jcsvwinston/GoFrame/pkg/quark/page.go:31.2,31.14 1 1
github.com/jcsvwinston/GoFrame/pkg/quark/page.go:31.14,33.3 1 0
github.com/jcsvwinston/GoFrame/pkg/quark/page.go:36.2,42.16 5 1
github.com/jcsvwinston/GoFrame/pkg/quark/page.go:42.16,44.3 1 0
github.com/jcsvwinston/GoFrame/pkg/quark/page.go:47.2,48.16 2 1
github.com/jcsvwinston/GoFrame/pkg/quark/page.go:48.16,50.3 1 0
github.com/jcsvwinston/GoFrame/pkg/quark/page.go:52.2,53.20 2 1
github.com/jcsvwinston/GoFrame/pkg/quark/page.go:53.20,55.3 1 0
github.com/jcsvwinston/GoFrame/pkg/quark/page.go:57.2,63.8 1 1
github.com/jcsvwinston/GoFrame/pkg/quark/query_builder.go:58.43,59.20 1 1
github.com/jcsvwinston/GoFrame/pkg/quark/query_builder.go:59.20,61.3 1 1
github.com/jcsvwinston/GoFrame/pkg/quark/query_builder.go:62.2,62.33 1 1
github.com/jcsvwinston/GoFrame/pkg/quark/query_builder.go:67.38,78.2 10 1
github.com/jcsvwinston/GoFrame/pkg/quark/query_builder.go:81.59,85.2 3 1
github.com/jcsvwinston/GoFrame/pkg/quark/query_builder.go:88.41,92.2 3 1
github.com/jcsvwinston/GoFrame/pkg/quark/query_builder.go:95.56,99.2 3 0
github.com/jcsvwinston/GoFrame/pkg/quark/query_builder.go:102.79,111.2 3 1
github.com/jcsvwinston/GoFrame/pkg/quark/query_builder.go:114.67,123.2 3 1
github.com/jcsvwinston/GoFrame/pkg/quark/query_builder.go:126.74,135.2 3 1
github.com/jcsvwinston/GoFrame/pkg/quark/query_builder.go:149.63,169.2 5 1
github.com/jcsvwinston/GoFrame/pkg/quark/query_builder.go:172.71,179.2 3 1
github.com/jcsvwinston/GoFrame/pkg/quark/query_builder.go:182.43,187.2 4 1
github.com/jcsvwinston/GoFrame/pkg/quark/query_builder.go:190.44,194.2 3 0
github.com/jcsvwinston/GoFrame/pkg/quark/query_builder.go:203.53,207.2 3 1
github.com/jcsvwinston/GoFrame/pkg/quark/query_builder.go:210.57,214.2 3 1
github.com/jcsvwinston/GoFrame/pkg/quark/query_builder.go:217.58,221.2 3 0
github.com/jcsvwinston/GoFrame/pkg/quark/query_builder.go:224.54,225.41 1 1
github.com/jcsvwinston/GoFrame/pkg/quark/query_builder.go:225.41,227.3 1 1
github.com/jcsvwinston/GoFrame/pkg/quark/query_crud.go:15.100,16.18 1 1
github.com/jcsvwinston/GoFrame/pkg/quark/query_crud.go:16.18,18.3 1 0
github.com/jcsvwinston/GoFrame/pkg/quark/query_crud.go:20.2,20.102 1 1
github.com/jcsvwinston/GoFrame/pkg/quark/query_crud.go:20.102,22.3 1 1
github.com/jcsvwinston/GoFrame/pkg/quark/query_crud.go:25.2,25.53 1 1
github.com/jcsvwinston/GoFrame/pkg/quark/query_crud.go:25.53,27.3 1 0
github.com/jcsvwinston/GoFrame/pkg/quark/query_crud.go:29.2,29.43 1 1
github.com/jcsvwinston/GoFrame/pkg/quark/query_crud.go:34.42,35.18 1 1
github.com/jcsvwinston/GoFrame/pkg/quark/query_crud.go:36.78,37.22 1 1
github.com/jcsvwinston/GoFrame/pkg/quark/query_crud.go:38.83,39.23 1 0
github.com/jcsvwinston/GoFrame/pkg/quark/query_crud.go:40.22,41.26 1 0
github.com/jcsvwinston/GoFrame/pkg/quark/query_crud.go:42.10,43.15 1 0
github.com/jcsvwinston/GoFrame/pkg/quark/query_crud.go:48.49,50.2 1 1
github.com/jcsvwinston/GoFrame/pkg/quark/query_crud.go:53.55,55.22 2 0
github.com/jcsvwinston/GoFrame/pkg/quark/query_crud.go:56.78,57.19 1 0
github.com/jcsvwinston/GoFrame/pkg/quark/query_crud.go:58.83,59.28 1 0
github.com/jcsvwinston/GoFrame/pkg/quark/query_crud.go:64.46,65.43 1 1
github.com/jcsvwinston/GoFrame/pkg/quark/query_crud.go:65.43,67.3 1 1
github.com/jcsvwinston/GoFrame/pkg/quark/query_crud.go:69.2,70.19 2 1
github.com/jcsvwinston/GoFrame/pkg/quark/query_crud.go:70.19,71.51 1 1
github.com/jcsvwinston/GoFrame/pkg/quark/query_crud.go:71.51,73.26 2 1
github.com/jcsvwinston/GoFrame/pkg/quark/query_crud.go:73.26,75.5 1 1
github.com/jcsvwinston/GoFrame/pkg/quark/query_crud.go:83.44,84.21 1 1
github.com/jcsvwinston/GoFrame/pkg/quark/query_crud.go:84.21,86.3 1 0
github.com/jcsvwinston/GoFrame/pkg/quark/query_crud.go:88.2,88.57 1 1
github.com/jcsvwinston/GoFrame/pkg/quark/query_crud.go:88.57,90.3 1 1
github.com/jcsvwinston/GoFrame/pkg/quark/query_crud.go:92.2,94.52 2 1
github.com/jcsvwinston/GoFrame/pkg/quark/query_crud.go:94.52,95.50 1 1
github.com/jcsvwinston/GoFrame/pkg/quark/query_crud.go:95.50,97.4 1 0
github.com/jcsvwinston/GoFrame/pkg/quark/query_crud.go:101.2,102.16 2 1
github.com/jcsvwinston/GoFrame/pkg/quark/query_crud.go:102.16,104.3 1 0
github.com/jcsvwinston/GoFrame/pkg/quark/query_crud.go:107.2,112.35 4 1
github.com/jcsvwinston/GoFrame/pkg/quark/query_crud.go:112.35,118.54 3 1
github.com/jcsvwinston/GoFrame/pkg/quark/query_crud.go:118.54,120.4 1 0
github.com/jcsvwinston/GoFrame/pkg/quark/query_crud.go:122.3,128.5 1 1
github.com/jcsvwinston/GoFrame/pkg/quark/query_crud.go:129.8,143.17 4 0
github.com/jcsvwinston/GoFrame/pkg/quark/query_crud.go:143.17,145.4 1 0
github.com/jcsvwinston/GoFrame/pkg/quark/query_crud.go:147.3,149.30 3 0
github.com/jcsvwinston/GoFrame/pkg/quark/query_crud.go:152.2,152.51 1 1
github.com/jcsvwinston/GoFrame/pkg/quark/query_crud.go:152.51,153.49 1 1
github.com/jcsvwinston/GoFrame/pkg/quark/query_crud.go:153.49,155.4 1 0
github.com/jcsvwinston/GoFrame/pkg/quark/query_crud.go:158.2,158.12 1 1
github.com/jcsvwinston/GoFrame/pkg/quark/query_crud.go:162.66,171.36 7 1
github.com/jcsvwinston/GoFrame/pkg/quark/query_crud.go:171.36,174.34 3 1
github.com/jcsvwinston/GoFrame/pkg/quark/query_crud.go:174.34,175.12 1 1
github.com/jcsvwinston/GoFrame/pkg/quark/query_crud.go:179.3,179.51 1 1
github.com/jcsvwinston/GoFrame/pkg/quark/query_crud.go:179.51,180.12 1 1
github.com/jcsvwinston/GoFrame/pkg/quark/query_crud.go:183.3,183.59 1 1
github.com/jcsvwinston/GoFrame/pkg/quark/query_crud.go:183.59,185.4 1 0
github.com/jcsvwinston/GoFrame/pkg/quark/query_crud.go:187.3,190.13 4 1
github.com/jcsvwinston/GoFrame/pkg/quark/query_crud.go:193.2,203.56 9 1
github.com/jcsvwinston/GoFrame/pkg/quark/query_crud.go:203.56,206.3 2 1
github.com/jcsvwinston/GoFrame/pkg/quark/query_crud.go:208.2,208.32 1 1
github.com/jcsvwinston/GoFrame/pkg/quark/query_crud.go:212.65,216.23 3 1
github.com/jcsvwinston/GoFrame/pkg/quark/query_crud.go:216.23,218.3 1 1
github.com/jcsvwinston/GoFrame/pkg/quark/query_crud.go:221.2,222.38 2 0
github.com/jcsvwinston/GoFrame/pkg/quark/query_crud.go:222.38,224.3 1 0
github.com/jcsvwinston/GoFrame/pkg/quark/query_crud.go:225.2,226.12 2 0
github.com/jcsvwinston/GoFrame/pkg/quark/query_crud.go:233.53,234.21 1 1
github.com/jcsvwinston/GoFrame/pkg/quark/query_crud.go:234.21,236.3 1 0
github.com/jcsvwinston/GoFrame/pkg/quark/query_crud.go:238.2,238.57 1 1
github.com/jcsvwinston/GoFrame/pkg/quark/query_crud.go:238.57,240.3 1 0
github.com/jcsvwinston/GoFrame/pkg/quark/query_crud.go:242.2,244.52 2 1
github.com/jcsvwinston/GoFrame/pkg/quark/query_crud.go:244.52,245.50 1 1
github.com/jcsvwinston/GoFrame/pkg/quark/query_crud.go:245.50,247.4 1 0
github.com/jcsvwinston/GoFrame/pkg/quark/query_crud.go:251.2,252.16 2 1
github.com/jcsvwinston/GoFrame/pkg/quark/query_crud.go:252.16,254.3 1 0
github.com/jcsvwinston/GoFrame/pkg/quark/query_crud.go:257.2,266.16 7 1
github.com/jcsvwinston/GoFrame/pkg/quark/query_crud.go:266.16,268.3 1 1
github.com/jcsvwinston/GoFrame/pkg/quark/query_crud.go:269.2,279.16 2 1
github.com/jcsvwinston/GoFrame/pkg/quark/query_crud.go:279.16,281.3 1 0
github.com/jcsvwinston/GoFrame/pkg/quark/query_crud.go:283.2,283.51 1 1
github.com/jcsvwinston/GoFrame/pkg/quark/query_crud.go:283.51,284.49 1 1
github.com/jcsvwinston/GoFrame/pkg/quark/query_crud.go:284.49,286.4 1 0
github.com/jcsvwinston/GoFrame/pkg/quark/query_crud.go:289.2,289.26 1 1
github.com/jcsvwinston/GoFrame/pkg/quark/query_crud.go:295.66,296.21 1 1
github.com/jcsvwinston/GoFrame/pkg/quark/query_crud.go:296.21,298.3 1 0
github.com/jcsvwinston/GoFrame/pkg/quark/query_crud.go:300.2,300.20 1 1
github.com/jcsvwinston/GoFrame/pkg/quark/query_crud.go:300.20,302.3 1 0
github.com/jcsvwinston/GoFrame/pkg/quark/query_crud.go:305.2,305.23 1 1
github.com/jcsvwinston/GoFrame/pkg/quark/query_crud.go:305.23,307.3 1 0
github.com/jcsvwinston/GoFrame/pkg/quark/query_crud.go:310.2,311.16 2 1
github.com/jcsvwinston/GoFrame/pkg/quark/query_crud.go:311.16,313.3 1 0
github.com/jcsvwinston/GoFrame/pkg/quark/query_crud.go:316.2,325.16 7 1
github.com/jcsvwinston/GoFrame/pkg/quark/query_crud.go:325.16,327.3 1 1
github.com/jcsvwinston/GoFrame/pkg/quark/query_crud.go:328.2,338.16 2 1
github.com/jcsvwinston/GoFrame/pkg/quark/query_crud.go:338.16,340.3 1 0
github.com/jcsvwinston/GoFrame/pkg/quark/query_crud.go:342.2,342.26 1 1
github.com/jcsvwinston/GoFrame/pkg/quark/query_crud.go:347.66,355.36 6 1
github.com/jcsvwinston/GoFrame/pkg/quark/query_crud.go:355.36,358.34 3 1
github.com/jcsvwinston/GoFrame/pkg/quark/query_crud.go:358.34,359.12 1 0
github.com/jcsvwinston/GoFrame/pkg/quark/query_crud.go:363.3,363.22 1 1
github.com/jcsvwinston/GoFrame/pkg/quark/query_crud.go:363.22,364.12 1 1
github.com/jcsvwinston/GoFrame/pkg/quark/query_crud.go:367.3,370.30 2 1
github.com/jcsvwinston/GoFrame/pkg/quark/query_crud.go:370.30,371.12 1 0
github.com/jcsvwinston/GoFrame/pkg/quark/query_crud.go:374.3,374.59 1 1
github.com/jcsvwinston/GoFrame/pkg/quark/query_crud.go:374.59,376.4 1 0
github.com/jcsvwinston/GoFrame/pkg/quark/query_crud.go:378.3,380.13 3 1
github.com/jcsvwinston/GoFrame/pkg/quark/query_crud.go:383.2,383.26 1 1
github.com/jcsvwinston/GoFrame/pkg/quark/query_crud.go:383.26,385.3 1 0
github.com/jcsvwinston/GoFrame/pkg/quark/query_crud.go:388.2,403.31 13 1
github.com/jcsvwinston/GoFrame/pkg/quark/query_crud.go:403.31,406.65 2 0
github.com/jcsvwinston/GoFrame/pkg/quark/query_crud.go:406.65,408.4 1 0
github.com/jcsvwinston/GoFrame/pkg/quark/query_crud.go:409.3,409.65 1 0
github.com/jcsvwinston/GoFrame/pkg/quark/query_crud.go:409.65,411.4 1 0
github.com/jcsvwinston/GoFrame/pkg/quark/query_crud.go:413.3,419.13 7 0
github.com/jcsvwinston/GoFrame/pkg/quark/query_crud.go:422.2,422.32 1 1
github.com/jcsvwinston/GoFrame/pkg/quark/query_crud.go:427.79,430.24 2 1
github.com/jcsvwinston/GoFrame/pkg/quark/query_crud.go:430.24,432.3 1 1
github.com/jcsvwinston/GoFrame/pkg/quark/query_crud.go:433.2,439.27 5 1
github.com/jcsvwinston/GoFrame/pkg/quark/query_crud.go:439.27,441.57 2 1
github.com/jcsvwinston/GoFrame/pkg/quark/query_crud.go:441.57,443.4 1 0
github.com/jcsvwinston/GoFrame/pkg/quark/query_crud.go:445.3,447.13 3 1
github.com/jcsvwinston/GoFrame/pkg/quark/query_crud.go:450.2,457.22 6 1
github.com/jcsvwinston/GoFrame/pkg/quark/query_crud.go:457.22,459.32 2 1
github.com/jcsvwinston/GoFrame/pkg/quark/query_crud.go:459.32,460.13 1 1
github.com/jcsvwinston/GoFrame/pkg/quark/query_crud.go:460.13,462.5 1 0
github.com/jcsvwinston/GoFrame/pkg/quark/query_crud.go:464.4,464.66 1 1
github.com/jcsvwinston/GoFrame/pkg/quark/query_crud.go:464.66,466.5 1 0
github.com/jcsvwinston/GoFrame/pkg/quark/query_crud.go:467.4,467.66 1 1
github.com/jcsvwinston/GoFrame/pkg/quark/query_crud.go:467.66,469.5 1 0
github.com/jcsvwinston/GoFrame/pkg/quark/query_crud.go:471.4,477.14 7 1
github.com/jcsvwinston/GoFrame/pkg/quark/query_crud.go:481.2,481.32 1 1
github.com/jcsvwinston/GoFrame/pkg/quark/query_crud.go:485.40,486.18 1 1
github.com/jcsvwinston/GoFrame/pkg/quark/query_crud.go:487.22,488.26 1 1
github.com/jcsvwinston/GoFrame/pkg/quark/query_crud.go:489.78,490.22 1 0
github.com/jcsvwinston/GoFrame/pkg/quark/query_crud.go:491.83,492.23 1 0
github.com/jcsvwinston/GoFrame/pkg/quark/query_crud.go:493.40,494.24 1 0
github.com/jcsvwinston/GoFrame/pkg/quark/query_crud.go:495.20,496.19 1 1
github.com/jcsvwinston/GoFrame/pkg/quark/query_crud.go:497.66,498.19 1 0
github.com/jcsvwinston/GoFrame/pkg/quark/query_crud.go:499.10,500.15 1 1
github.com/jcsvwinston/GoFrame/pkg/quark/query_crud.go:507.53,508.21 1 1
github.com/jcsvwinston/GoFrame/pkg/quark/query_crud.go:508.21,510.3 1 0
github.com/jcsvwinston/GoFrame/pkg/quark/query_crud.go:512.2,512.52 1 1
github.com/jcsvwinston/GoFrame/pkg/quark/query_crud.go:512.52,513.50 1 0
github.com/jcsvwinston/GoFrame/pkg/quark/query_crud.go:513.50,515.4 1 0
github.com/jcsvwinston/GoFrame/pkg/quark/query_crud.go:518.2,521.23 3 1
github.com/jcsvwinston/GoFrame/pkg/quark/query_crud.go:521.23,523.3 1 0
github.com/jcsvwinston/GoFrame/pkg/quark/query_crud.go:525.2,526.36 2 1
github.com/jcsvwinston/GoFrame/pkg/quark/query_crud.go:526.36,527.47 1 1
github.com/jcsvwinston/GoFrame/pkg/quark/query_crud.go:527.47,529.9 2 1
github.com/jcsvwinston/GoFrame/pkg/quark/query_crud.go:533.2,537.18 4 1
github.com/jcsvwinston/GoFrame/pkg/quark/query_crud.go:537.18,539.3 1 1
github.com/jcsvwinston/GoFrame/pkg/quark/query_crud.go:539.8,541.3 1 0
github.com/jcsvwinston/GoFrame/pkg/quark/query_crud.go:543.2,543.16 1 1
github.com/jcsvwinston/GoFrame/pkg/quark/query_crud.go:543.16,544.52 1 1
github.com/jcsvwinston/GoFrame/pkg/quark/query_crud.go:544.52,545.52 1 0
github.com/jcsvwinston/GoFrame/pkg/quark/query_crud.go:545.52,547.5 1 0
github.com/jcsvwinston/GoFrame/pkg/quark/query_crud.go:551.2,551.18 1 1
github.com/jcsvwinston/GoFrame/pkg/quark/query_crud.go:556.46,557.21 1 1
github.com/jcsvwinston/GoFrame/pkg/quark/query_crud.go:557.21,559.3 1 0
github.com/jcsvwinston/GoFrame/pkg/quark/query_crud.go:561.2,561.23 1 1
github.com/jcsvwinston/GoFrame/pkg/quark/query_crud.go:561.23,563.3 1 0
github.com/jcsvwinston/GoFrame/pkg/quark/query_crud.go:565.2,565.28 1 1
github.com/jcsvwinston/GoFrame/pkg/quark/query_crud.go:569.57,570.21 1 1
github.com/jcsvwinston/GoFrame/pkg/quark/query_crud.go:570.21,572.3 1 0
github.com/jcsvwinston/GoFrame/pkg/quark/query_crud.go:574.2,574.52 1 1
github.com/jcsvwinston/GoFrame/pkg/quark/query_crud.go:574.52,575.50 1 1
github.com/jcsvwinston/GoFrame/pkg/quark/query_crud.go:575.50,577.4 1 0
github.com/jcsvwinston/GoFrame/pkg/quark/query_crud.go:580.2,580.23 1 1
github.com/jcsvwinston/GoFrame/pkg/quark/query_crud.go:580.23,582.3 1 0
github.com/jcsvwinston/GoFrame/pkg/quark/query_crud.go:584.2,588.16 4 1
github.com/jcsvwinston/GoFrame/pkg/quark/query_crud.go:588.16,589.52 1 1
github.com/jcsvwinston/GoFrame/pkg/quark/query_crud.go:589.52,590.52 1 1
github.com/jcsvwinston/GoFrame/pkg/quark/query_crud.go:590.52,592.5 1 0
github.com/jcsvwinston/GoFrame/pkg/quark/query_crud.go:596.2,596.18 1 1
github.com/jcsvwinston/GoFrame/pkg/quark/query_crud.go:600.59,629.16 23 1
github.com/jcsvwinston/GoFrame/pkg/quark/query_crud.go:629.16,631.3 1 1
github.com/jcsvwinston/GoFrame/pkg/quark/query_crud.go:633.2,643.16 2 1
github.com/jcsvwinston/GoFrame/pkg/quark/query_crud.go:643.16,645.3 1 0
github.com/jcsvwinston/GoFrame/pkg/quark/query_crud.go:647.2,647.26 1 1
github.com/jcsvwinston/GoFrame/pkg/quark/query_crud.go:651.63,671.16 16 1
github.com/jcsvwinston/GoFrame/pkg/quark/query_crud.go:671.16,673.3 1 1
github.com/jcsvwinston/GoFrame/pkg/quark/query_crud.go:675.2,685.16 2 1
github.com/jcsvwinston/GoFrame/pkg/quark/query_crud.go:685.16,687.3 1 0
github.com/jcsvwinston/GoFrame/pkg/quark/query_crud.go:689.2,689.26 1 1
github.com/jcsvwinston/GoFrame/pkg/quark/query_crud.go:693.53,702.22 6 1
github.com/jcsvwinston/GoFrame/pkg/quark/query_crud.go:702.22,704.32 2 1
github.com/jcsvwinston/GoFrame/pkg/quark/query_crud.go:704.32,705.13 1 1
github.com/jcsvwinston/GoFrame/pkg/quark/query_crud.go:705.13,707.5 1 0
github.com/jcsvwinston/GoFrame/pkg/quark/query_crud.go:709.4,709.66 1 1
github.com/jcsvwinston/GoFrame/pkg/quark/query_crud.go:709.66,711.5 1 0
github.com/jcsvwinston/GoFrame/pkg/quark/query_crud.go:712.4,712.66 1 1
github.com/jcsvwinston/GoFrame/pkg/quark/query_crud.go:712.66,714.5 1 0
github.com/jcsvwinston/GoFrame/pkg/quark/query_crud.go:716.4,722.14 7 1
github.com/jcsvwinston/GoFrame/pkg/quark/query_crud.go:726.2,734.16 7 1
github.com/jcsvwinston/GoFrame/pkg/quark/query_crud.go:734.16,736.3 1 1
github.com/jcsvwinston/GoFrame/pkg/quark/query_crud.go:738.2,748.16 2 1
github.com/jcsvwinston/GoFrame/pkg/quark/query_crud.go:748.16,750.3 1 0
github.com/jcsvwinston/GoFrame/pkg/quark/query_crud.go:752.2,752.26 1 1
github.com/jcsvwinston/GoFrame/pkg/quark/query_exec.go:14.100,15.18 1 1
github.com/jcsvwinston/GoFrame/pkg/quark/query_exec.go:15.18,17.3 1 0
github.com/jcsvwinston/GoFrame/pkg/quark/query_exec.go:19.2,19.102 1 1
github.com/jcsvwinston/GoFrame/pkg/quark/query_exec.go:19.102,21.3 1 1
github.com/jcsvwinston/GoFrame/pkg/quark/query_exec.go:24.2,24.53 1 1
github.com/jcsvwinston/GoFrame/pkg/quark/query_exec.go:24.53,26.3 1 1
github.com/jcsvwinston/GoFrame/pkg/quark/query_exec.go:28.2,28.43 1 1
github.com/jcsvwinston/GoFrame/pkg/quark/query_exec.go:33.93,36.18 1 1
github.com/jcsvwinston/GoFrame/pkg/quark/query_exec.go:36.19,39.3 0 0
github.com/jcsvwinston/GoFrame/pkg/quark/query_exec.go:41.2,41.95 1 1
github.com/jcsvwinston/GoFrame/pkg/quark/query_exec.go:41.95,43.3 1 1
github.com/jcsvwinston/GoFrame/pkg/quark/query_exec.go:46.2,46.53 1 1
github.com/jcsvwinston/GoFrame/pkg/quark/query_exec.go:46.53,48.3 1 1
github.com/jcsvwinston/GoFrame/pkg/quark/query_exec.go:50.2,50.43 1 1
github.com/jcsvwinston/GoFrame/pkg/quark/query_exec.go:56.40,57.21 1 1
github.com/jcsvwinston/GoFrame/pkg/quark/query_exec.go:57.21,59.3 1 0
github.com/jcsvwinston/GoFrame/pkg/quark/query_exec.go:62.2,62.17 1 1
github.com/jcsvwinston/GoFrame/pkg/quark/query_exec.go:62.17,65.3 2 1
github.com/jcsvwinston/GoFrame/pkg/quark/query_exec.go:68.2,69.16 2 1
github.com/jcsvwinston/GoFrame/pkg/quark/query_exec.go:69.16,71.3 1 0
github.com/jcsvwinston/GoFrame/pkg/quark/query_exec.go:74.2,74.42 1 1
github.com/jcsvwinston/GoFrame/pkg/quark/query_exec.go:74.42,76.3 1 0
github.com/jcsvwinston/GoFrame/pkg/quark/query_exec.go:79.2,96.16 7 1
github.com/jcsvwinston/GoFrame/pkg/quark/query_exec.go:96.16,98.3 1 1
github.com/jcsvwinston/GoFrame/pkg/quark/query_exec.go:99.2,103.18 3 1
github.com/jcsvwinston/GoFrame/pkg/quark/query_exec.go:103.18,105.50 2 1
github.com/jcsvwinston/GoFrame/pkg/quark/query_exec.go:105.50,107.4 1 0
github.com/jcsvwinston/GoFrame/pkg/quark/query_exec.go:108.3,108.36 1 1
github.com/jcsvwinston/GoFrame/pkg/quark/query_exec.go:111.2,111.35 1 1
github.com/jcsvwinston/GoFrame/pkg/quark/query_exec.go:111.35,113.3 1 0
github.com/jcsvwinston/GoFrame/pkg/quark/query_exec.go:115.2,115.45 1 1
github.com/jcsvwinston/GoFrame/pkg/quark/query_exec.go:115.45,116.50 1 1
github.com/jcsvwinston/GoFrame/pkg/quark/query_exec.go:116.50,118.4 1 0
github.com/jcsvwinston/GoFrame/pkg/quark/query_exec.go:121.2,121.21 1 1
github.com/jcsvwinston/GoFrame/pkg/quark/query_exec.go:125.39,131.16 5 1
github.com/jcsvwinston/GoFrame/pkg/quark/query_exec.go:131.16,133.3 1 0
github.com/jcsvwinston/GoFrame/pkg/quark/query_exec.go:135.2,135.23 1 1
github.com/jcsvwinston/GoFrame/pkg/quark/query_exec.go:135.23,137.3 1 1
github.com/jcsvwinston/GoFrame/pkg/quark/query_exec.go:139.2,139.24 1 1
github.com/jcsvwinston/GoFrame/pkg/quark/query_exec.go:143.44,146.21 2 1
github.com/jcsvwinston/GoFrame/pkg/quark/query_exec.go:146.21,148.3 1 0
github.com/jcsvwinston/GoFrame/pkg/quark/query_exec.go:150.2,158.18 3 1
github.com/jcsvwinston/GoFrame/pkg/quark/query_exec.go:175.49,176.21 1 1
github.com/jcsvwinston/GoFrame/pkg/quark/query_exec.go:176.21,178.3 1 0
github.com/jcsvwinston/GoFrame/pkg/quark/query_exec.go:180.2,181.16 2 1
github.com/jcsvwinston/GoFrame/pkg/quark/query_exec.go:181.16,183.3 1 0
github.com/jcsvwinston/GoFrame/pkg/quark/query_exec.go:185.2,187.16 3 1
github.com/jcsvwinston/GoFrame/pkg/quark/query_exec.go:187.16,190.3 2 0
github.com/jcsvwinston/GoFrame/pkg/quark/query_exec.go:192.2,200.8 1 1
github.com/jcsvwinston/GoFrame/pkg/quark/query_exec.go:212.49,213.21 1 1
github.com/jcsvwinston/GoFrame/pkg/quark/query_exec.go:213.21,215.3 1 0
github.com/jcsvwinston/GoFrame/pkg/quark/query_exec.go:217.2,218.16 2 1
github.com/jcsvwinston/GoFrame/pkg/quark/query_exec.go:218.16,220.3 1 0
github.com/jcsvwinston/GoFrame/pkg/quark/query_exec.go:222.2,238.16 7 1
github.com/jcsvwinston/GoFrame/pkg/quark/query_exec.go:238.16,240.3 1 0
github.com/jcsvwinston/GoFrame/pkg/quark/query_exec.go:241.2,243.18 2 1
github.com/jcsvwinston/GoFrame/pkg/quark/query_exec.go:243.18,245.50 2 1
github.com/jcsvwinston/GoFrame/pkg/quark/query_exec.go:245.50,247.4 1 0
github.com/jcsvwinston/GoFrame/pkg/quark/query_exec.go:248.3,248.36 1 1
github.com/jcsvwinston/GoFrame/pkg/quark/query_exec.go:248.36,250.4 1 0
github.com/jcsvwinston/GoFrame/pkg/quark/query_exec.go:253.2,253.19 1 1
github.com/jcsvwinston/GoFrame/pkg/quark/query_exec.go:257.43,258.18 1 1
github.com/jcsvwinston/GoFrame/pkg/quark/query_exec.go:258.18,260.3 1 0
github.com/jcsvwinston/GoFrame/pkg/quark/query_exec.go:261.2,261.21 1 1
github.com/jcsvwinston/GoFrame/pkg/quark/query_exec.go:261.21,263.3 1 0
github.com/jcsvwinston/GoFrame/pkg/quark/query_exec.go:265.2,272.28 5 1
github.com/jcsvwinston/GoFrame/pkg/quark/query_exec.go:272.28,279.3 6 1
github.com/jcsvwinston/GoFrame/pkg/quark/query_exec.go:282.2,283.17 2 1
github.com/jcsvwinston/GoFrame/pkg/quark/query_exec.go:283.17,284.71 1 1
github.com/jcsvwinston/GoFrame/pkg/quark/query_exec.go:284.71,290.4 1 0
github.com/jcsvwinston/GoFrame/pkg/quark/query_exec.go:293.2,293.25 1 1
github.com/jcsvwinston/GoFrame/pkg/quark/query_exec.go:293.25,296.17 3 1
github.com/jcsvwinston/GoFrame/pkg/quark/query_exec.go:296.17,298.4 1 0
github.com/jcsvwinston/GoFrame/pkg/quark/query_exec.go:299.3,301.36 3 1
github.com/jcsvwinston/GoFrame/pkg/quark/query_exec.go:304.2,309.16 5 1
github.com/jcsvwinston/GoFrame/pkg/quark/query_exec.go:309.16,311.3 1 0
github.com/jcsvwinston/GoFrame/pkg/quark/query_exec.go:313.2,313.19 1 1
github.com/jcsvwinston/GoFrame/pkg/quark/query_exec.go:317.57,323.27 4 1
github.com/jcsvwinston/GoFrame/pkg/quark/query_exec.go:323.27,325.36 2 0
github.com/jcsvwinston/GoFrame/pkg/quark/query_exec.go:325.36,326.58 1 0
github.com/jcsvwinston/GoFrame/pkg/quark/query_exec.go:326.58,328.5 1 0
github.com/jcsvwinston/GoFrame/pkg/quark/query_exec.go:329.4,329.36 1 0
github.com/jcsvwinston/GoFrame/pkg/quark/query_exec.go:331.3,331.49 1 0
github.com/jcsvwinston/GoFrame/pkg/quark/query_exec.go:332.8,334.3 1 1
github.com/jcsvwinston/GoFrame/pkg/quark/query_exec.go:337.2,338.60 2 1
github.com/jcsvwinston/GoFrame/pkg/quark/query_exec.go:338.60,340.3 1 0
github.com/jcsvwinston/GoFrame/pkg/quark/query_exec.go:341.2,344.22 2 1
github.com/jcsvwinston/GoFrame/pkg/quark/query_exec.go:344.22,345.46 1 1
github.com/jcsvwinston/GoFrame/pkg/quark/query_exec.go:345.46,347.4 1 0
github.com/jcsvwinston/GoFrame/pkg/quark/query_exec.go:348.3,348.29 1 1
github.com/jcsvwinston/GoFrame/pkg/quark/query_exec.go:348.29,349.62 1 1
github.com/jcsvwinston/GoFrame/pkg/quark/query_exec.go:349.62,351.5 1 0
github.com/jcsvwinston/GoFrame/pkg/quark/query_exec.go:352.4,357.34 6 1
github.com/jcsvwinston/GoFrame/pkg/quark/query_exec.go:362.2,363.17 2 1
github.com/jcsvwinston/GoFrame/pkg/quark/query_exec.go:363.17,364.71 1 1
github.com/jcsvwinston/GoFrame/pkg/quark/query_exec.go:364.71,370.4 1 1
github.com/jcsvwinston/GoFrame/pkg/quark/query_exec.go:373.2,373.25 1 1
github.com/jcsvwinston/GoFrame/pkg/quark/query_exec.go:373.25,376.17 3 1
github.com/jcsvwinston/GoFrame/pkg/quark/query_exec.go:376.17,378.4 1 0
github.com/jcsvwinston/GoFrame/pkg/quark/query_exec.go:379.3,381.36 3 1
github.com/jcsvwinston/GoFrame/pkg/quark/query_exec.go:385.2,385.24 1 1
github.com/jcsvwinston/GoFrame/pkg/quark/query_exec.go:385.24,387.31 2 1
github.com/jcsvwinston/GoFrame/pkg/quark/query_exec.go:387.31,388.13 1 1
github.com/jcsvwinston/GoFrame/pkg/quark/query_exec.go:388.13,390.5 1 0
github.com/jcsvwinston/GoFrame/pkg/quark/query_exec.go:391.4,391.63 1 1
github.com/jcsvwinston/GoFrame/pkg/quark/query_exec.go:391.63,393.5 1 0
github.com/jcsvwinston/GoFrame/pkg/quark/query_exec.go:394.4,395.14 2 1
github.com/jcsvwinston/GoFrame/pkg/quark/query_exec.go:395.14,397.5 1 1
github.com/jcsvwinston/GoFrame/pkg/quark/query_exec.go:397.10,399.5 1 1
github.com/jcsvwinston/GoFrame/pkg/quark/query_exec.go:404.2,405.23 2 1
github.com/jcsvwinston/GoFrame/pkg/quark/query_exec.go:405.23,408.3 2 1
github.com/jcsvwinston/GoFrame/pkg/quark/query_exec.go:410.2,410.35 1 1
github.com/jcsvwinston/GoFrame/pkg/quark/query_exec.go:415.93,419.29 3 1
github.com/jcsvwinston/GoFrame/pkg/quark/query_exec.go:419.29,422.12 2 1
github.com/jcsvwinston/GoFrame/pkg/quark/query_exec.go:422.12,423.26 1 1
github.com/jcsvwinston/GoFrame/pkg/quark/query_exec.go:423.26,425.5 1 1
github.com/jcsvwinston/GoFrame/pkg/quark/query_exec.go:425.10,427.5 1 1
github.com/jcsvwinston/GoFrame/pkg/quark/query_exec.go:431.3,431.26 1 1
github.com/jcsvwinston/GoFrame/pkg/quark/query_exec.go:431.26,433.18 2 1
github.com/jcsvwinston/GoFrame/pkg/quark/query_exec.go:433.18,435.5 1 0
github.com/jcsvwinston/GoFrame/pkg/quark/query_exec.go:436.4,439.12 4 1
github.com/jcsvwinston/GoFrame/pkg/quark/query_exec.go:443.3,443.65 1 1
github.com/jcsvwinston/GoFrame/pkg/quark/query_exec.go:443.65,445.4 1 0
github.com/jcsvwinston/GoFrame/pkg/quark/query_exec.go:446.3,446.65 1 1
github.com/jcsvwinston/GoFrame/pkg/quark/query_exec.go:446.65,448.4 1 0
github.com/jcsvwinston/GoFrame/pkg/quark/query_exec.go:450.3,457.24 7 1
github.com/jcsvwinston/GoFrame/pkg/quark/query_exec.go:458.23,461.26 3 1
github.com/jcsvwinston/GoFrame/pkg/quark/query_exec.go:461.26,465.5 3 1
github.com/jcsvwinston/GoFrame/pkg/quark/query_exec.go:466.4,468.28 3 1
github.com/jcsvwinston/GoFrame/pkg/quark/query_exec.go:469.33,475.17 6 1
github.com/jcsvwinston/GoFrame/pkg/quark/query_exec.go:476.33,476.33 0 1
github.com/jcsvwinston/GoFrame/pkg/quark/query_exec.go:478.11,481.14 3 1
github.com/jcsvwinston/GoFrame/pkg/quark/query_exec.go:484.3,484.42 1 1
github.com/jcsvwinston/GoFrame/pkg/quark/query_exec.go:487.2,487.43 1 1
github.com/jcsvwinston/GoFrame/pkg/quark/query_exec.go:492.59,494.42 2 1
github.com/jcsvwinston/GoFrame/pkg/quark/query_exec.go:494.42,496.3 1 0
github.com/jcsvwinston/GoFrame/pkg/quark/query_exec.go:498.2,499.35 2 1
github.com/jcsvwinston/GoFrame/pkg/quark/query_exec.go:499.35,501.3 1 0
github.com/jcsvwinston/GoFrame/pkg/quark/query_exec.go:503.2,504.16 2 1
github.com/jcsvwinston/GoFrame/pkg/quark/query_exec.go:504.16,506.3 1 0
github.com/jcsvwinston/GoFrame/pkg/quark/query_exec.go:508.2,509.30 2 1
github.com/jcsvwinston/GoFrame/pkg/quark/query_exec.go:509.30,511.20 1 1
github.com/jcsvwinston/GoFrame/pkg/quark/query_exec.go:511.20,512.44 1 1
github.com/jcsvwinston/GoFrame/pkg/quark/query_exec.go:512.44,514.13 2 1
github.com/jcsvwinston/GoFrame/pkg/quark/query_exec.go:518.3,519.41 2 1
github.com/jcsvwinston/GoFrame/pkg/quark/query_exec.go:519.41,521.4 1 0
github.com/jcsvwinston/GoFrame/pkg/quark/query_exec.go:521.9,524.4 2 1
github.com/jcsvwinston/GoFrame/pkg/quark/query_exec.go:527.2,527.31 1 1
github.com/jcsvwinston/GoFrame/pkg/quark/query_exec.go:531.79,533.36 2 1
github.com/jcsvwinston/GoFrame/pkg/quark/query_exec.go:533.36,537.22 3 1
github.com/jcsvwinston/GoFrame/pkg/quark/query_exec.go:537.22,539.4 1 0
github.com/jcsvwinston/GoFrame/pkg/quark/query_exec.go:541.3,541.44 1 1
github.com/jcsvwinston/GoFrame/pkg/quark/query_exec.go:541.44,543.4 1 0
github.com/jcsvwinston/GoFrame/pkg/quark/query_exec.go:546.2,546.24 1 1
github.com/jcsvwinston/GoFrame/pkg/quark/query_exec.go:550.53,551.38 1 1
github.com/jcsvwinston/GoFrame/pkg/quark/query_exec.go:551.38,553.16 2 1
github.com/jcsvwinston/GoFrame/pkg/quark/query_exec.go:553.16,553.59 1 1
github.com/jcsvwinston/GoFrame/pkg/quark/query_exec.go:556.2,556.37 1 1
github.com/jcsvwinston/GoFrame/pkg/quark/query_exec.go:556.37,558.10 2 1
github.com/jcsvwinston/GoFrame/pkg/quark/query_exec.go:558.10,560.4 1 0
github.com/jcsvwinston/GoFrame/pkg/quark/query_exec.go:562.3,566.35 3 1
github.com/jcsvwinston/GoFrame/pkg/quark/query_exec.go:566.35,568.4 1 0
github.com/jcsvwinston/GoFrame/pkg/quark/query_exec.go:568.9,570.4 1 1
github.com/jcsvwinston/GoFrame/pkg/quark/query_exec.go:573.3,574.10 2 1
github.com/jcsvwinston/GoFrame/pkg/quark/query_exec.go:574.10,576.37 1 0
github.com/jcsvwinston/GoFrame/pkg/quark/query_exec.go:576.37,577.53 1 0
github.com/jcsvwinston/GoFrame/pkg/quark/query_exec.go:577.53,579.11 2 0
github.com/jcsvwinston/GoFrame/pkg/quark/query_exec.go:582.4,582.30 1 0
github.com/jcsvwinston/GoFrame/pkg/quark/query_exec.go:582.30,584.5 1 0
github.com/jcsvwinston/GoFrame/pkg/quark/query_exec.go:588.3,591.26 3 1
github.com/jcsvwinston/GoFrame/pkg/quark/query_exec.go:591.26,596.38 3 1
github.com/jcsvwinston/GoFrame/pkg/quark/query_exec.go:596.38,597.13 1 0
github.com/jcsvwinston/GoFrame/pkg/quark/query_exec.go:600.4,601.42 2 1
github.com/jcsvwinston/GoFrame/pkg/quark/query_exec.go:604.3,604.27 1 1
github.com/jcsvwinston/GoFrame/pkg/quark/query_exec.go:604.27,605.12 1 0
github.com/jcsvwinston/GoFrame/pkg/quark/query_exec.go:609.3,610.35 2 1
github.com/jcsvwinston/GoFrame/pkg/quark/query_exec.go:610.35,612.4 1 0
github.com/jcsvwinston/GoFrame/pkg/quark/query_exec.go:612.9,614.4 1 1
github.com/jcsvwinston/GoFrame/pkg/quark/query_exec.go:617.3,618.29 2 1
github.com/jcsvwinston/GoFrame/pkg/quark/query_exec.go:618.29,620.4 1 1
github.com/jcsvwinston/GoFrame/pkg/quark/query_exec.go:622.3,631.17 5 1
github.com/jcsvwinston/GoFrame/pkg/quark/query_exec.go:631.17,633.4 1 0
github.com/jcsvwinston/GoFrame/pkg/quark/query_exec.go:636.3,639.10 3 1
github.com/jcsvwinston/GoFrame/pkg/quark/query_exec.go:639.10,642.4 2 0
github.com/jcsvwinston/GoFrame/pkg/quark/query_exec.go:644.3,644.19 1 1
github.com/jcsvwinston/GoFrame/pkg/quark/query_exec.go:644.19,650.29 4 1
github.com/jcsvwinston/GoFrame/pkg/quark/query_exec.go:650.29,651.47 1 1
github.com/jcsvwinston/GoFrame/pkg/quark/query_exec.go:651.47,653.6 1 1
github.com/jcsvwinston/GoFrame/pkg/quark/query_exec.go:653.11,656.6 2 0
github.com/jcsvwinston/GoFrame/pkg/quark/query_exec.go:659.4,659.49 1 1
github.com/jcsvwinston/GoFrame/pkg/quark/query_exec.go:659.49,662.5 2 0
github.com/jcsvwinston/GoFrame/pkg/quark/query_exec.go:665.4,668.45 2 1
github.com/jcsvwinston/GoFrame/pkg/quark/query_exec.go:668.45,669.40 1 1
github.com/jcsvwinston/GoFrame/pkg/quark/query_exec.go:669.40,673.25 3 1
github.com/jcsvwinston/GoFrame/pkg/quark/query_exec.go:673.25,676.7 1 1
github.com/jcsvwinston/GoFrame/pkg/quark/query_exec.go:676.12,678.41 1 0
github.com/jcsvwinston/GoFrame/pkg/quark/query_exec.go:678.41,680.8 1 0
github.com/jcsvwinston/GoFrame/pkg/quark/query_exec.go:680.13,682.8 1 0
github.com/jcsvwinston/GoFrame/pkg/quark/query_exec.go:687.3,689.36 2 1
github.com/jcsvwinston/GoFrame/pkg/quark/query_exec.go:689.36,691.4 1 0
github.com/jcsvwinston/GoFrame/pkg/quark/query_exec.go:694.2,694.12 1 1
github.com/jcsvwinston/GoFrame/pkg/quark/routine_builder.go:21.111,28.2 1 0
github.com/jcsvwinston/GoFrame/pkg/quark/routine_builder.go:31.60,32.18 1 0
github.com/jcsvwinston/GoFrame/pkg/quark/routine_builder.go:32.18,34.3 1 0
github.com/jcsvwinston/GoFrame/pkg/quark/routine_builder.go:36.2,37.16 2 0
github.com/jcsvwinston/GoFrame/pkg/quark/routine_builder.go:37.16,39.3 1 0
github.com/jcsvwinston/GoFrame/pkg/quark/routine_builder.go:41.2,41.67 1 0
github.com/jcsvwinston/GoFrame/pkg/quark/routine_builder.go:41.67,43.3 1 0
github.com/jcsvwinston/GoFrame/pkg/quark/routine_builder.go:45.2,51.16 3 0
github.com/jcsvwinston/GoFrame/pkg/quark/routine_builder.go:51.16,53.3 1 0
github.com/jcsvwinston/GoFrame/pkg/quark/routine_builder.go:55.2,55.26 1 0
github.com/jcsvwinston/GoFrame/pkg/quark/routine_builder.go:59.42,61.16 2 0
github.com/jcsvwinston/GoFrame/pkg/quark/routine_builder.go:61.16,63.3 1 0
github.com/jcsvwinston/GoFrame/pkg/quark/routine_builder.go:64.2,76.14 6 0
github.com/jcsvwinston/GoFrame/pkg/quark/routine_builder.go:76.14,78.3 1 0
github.com/jcsvwinston/GoFrame/pkg/quark/routine_builder.go:80.2,80.18 1 0
github.com/jcsvwinston/GoFrame/pkg/quark/routine_builder.go:80.18,82.15 2 0
github.com/jcsvwinston/GoFrame/pkg/quark/routine_builder.go:82.15,83.58 1 0
github.com/jcsvwinston/GoFrame/pkg/quark/routine_builder.go:83.58,85.5 1 0
github.com/jcsvwinston/GoFrame/pkg/quark/routine_builder.go:86.9,87.43 1 0
github.com/jcsvwinston/GoFrame/pkg/quark/routine_builder.go:87.43,89.5 1 0
github.com/jcsvwinston/GoFrame/pkg/quark/routine_builder.go:91.3,91.34 1 0
github.com/jcsvwinston/GoFrame/pkg/quark/routine_builder.go:94.2,94.35 1 0
github.com/jcsvwinston/GoFrame/pkg/quark/routine_builder.go:94.35,96.3 1 0
github.com/jcsvwinston/GoFrame/pkg/quark/routine_builder.go:98.2,98.21 1 0
github.com/jcsvwinston/GoFrame/pkg/quark/routine_builder.go:102.41,104.16 2 0
github.com/jcsvwinston/GoFrame/pkg/quark/routine_builder.go:104.16,107.3 2 0
github.com/jcsvwinston/GoFrame/pkg/quark/routine_builder.go:108.2,108.23 1 0
github.com/jcsvwinston/GoFrame/pkg/quark/routine_builder.go:108.23,111.3 2 0
github.com/jcsvwinston/GoFrame/pkg/quark/routine_builder.go:112.2,112.24 1 0
github.com/jcsvwinston/GoFrame/pkg/quark/routine_builder.go:117.42,119.2 1 0
github.com/jcsvwinston/GoFrame/pkg/quark/routine_builder.go:123.94,125.16 2 1
github.com/jcsvwinston/GoFrame/pkg/quark/routine_builder.go:125.16,127.3 1 0
github.com/jcsvwinston/GoFrame/pkg/quark/routine_builder.go:129.2,129.67 1 1
github.com/jcsvwinston/GoFrame/pkg/quark/routine_builder.go:129.67,131.3 1 0
github.com/jcsvwinston/GoFrame/pkg/quark/routine_builder.go:133.2,136.12 3 1
github.com/jcsvwinston/GoFrame/pkg/quark/security.go:12.30,14.2 1 1
github.com/jcsvwinston/GoFrame/pkg/quark/tenant_router.go:38.41,44.2 1 1
github.com/jcsvwinston/GoFrame/pkg/quark/tenant_router.go:69.17,77.2 1 1
github.com/jcsvwinston/GoFrame/pkg/quark/tenant_router.go:80.75,82.20 2 1
github.com/jcsvwinston/GoFrame/pkg/quark/tenant_router.go:82.20,84.3 1 0
github.com/jcsvwinston/GoFrame/pkg/quark/tenant_router.go:85.2,85.42 1 1
github.com/jcsvwinston/GoFrame/pkg/quark/tenant_router.go:85.42,87.3 1 0
github.com/jcsvwinston/GoFrame/pkg/quark/tenant_router.go:88.2,88.22 1 1
github.com/jcsvwinston/GoFrame/pkg/quark/tenant_router.go:93.72,95.16 2 1
github.com/jcsvwinston/GoFrame/pkg/quark/tenant_router.go:95.16,97.3 1 0
github.com/jcsvwinston/GoFrame/pkg/quark/tenant_router.go:99.2,99.27 1 1
github.com/jcsvwinston/GoFrame/pkg/quark/tenant_router.go:100.25,101.39 1 1
github.com/jcsvwinston/GoFrame/pkg/quark/tenant_router.go:102.41,103.33 1 1
github.com/jcsvwinston/GoFrame/pkg/quark/tenant_router.go:103.33,105.4 1 0
github.com/jcsvwinston/GoFrame/pkg/quark/tenant_router.go:106.3,106.34 1 1
github.com/jcsvwinston/GoFrame/pkg/quark/tenant_router.go:107.10,108.75 1 0
github.com/jcsvwinston/GoFrame/pkg/quark/tenant_router.go:112.76,117.39 3 1
github.com/jcsvwinston/GoFrame/pkg/quark/tenant_router.go:117.39,120.3 2 0
github.com/jcsvwinston/GoFrame/pkg/quark/tenant_router.go:125.2,126.16 2 1
github.com/jcsvwinston/GoFrame/pkg/quark/tenant_router.go:126.16,128.3 1 0
github.com/jcsvwinston/GoFrame/pkg/quark/tenant_router.go:131.2,135.78 3 1
github.com/jcsvwinston/GoFrame/pkg/quark/tenant_router.go:135.78,137.3 1 1
github.com/jcsvwinston/GoFrame/pkg/quark/tenant_router.go:139.2,139.23 1 1
github.com/jcsvwinston/GoFrame/pkg/quark/tenant_router.go:144.38,146.17 2 1
github.com/jcsvwinston/GoFrame/pkg/quark/tenant_router.go:146.17,152.52 4 1
github.com/jcsvwinston/GoFrame/pkg/quark/tenant_router.go:152.52,154.55 1 1
github.com/jcsvwinston/GoFrame/pkg/quark/tenant_router.go:154.55,156.5 1 1
github.com/jcsvwinston/GoFrame/pkg/quark/tenant_router.go:162.49,167.25 4 1
github.com/jcsvwinston/GoFrame/pkg/quark/tenant_router.go:167.25,169.3 1 1
github.com/jcsvwinston/GoFrame/pkg/quark/tenant_router.go:170.2,170.15 1 1
github.com/jcsvwinston/GoFrame/pkg/quark/tx.go:35.81,37.16 2 1
github.com/jcsvwinston/GoFrame/pkg/quark/tx.go:37.16,39.3 1 0
github.com/jcsvwinston/GoFrame/pkg/quark/tx.go:40.2,40.39 1 1
github.com/jcsvwinston/GoFrame/pkg/quark/tx.go:53.71,55.16 2 1
github.com/jcsvwinston/GoFrame/pkg/quark/tx.go:55.16,57.3 1 0
github.com/jcsvwinston/GoFrame/pkg/quark/tx.go:59.2,59.15 1 1
github.com/jcsvwinston/GoFrame/pkg/quark/tx.go:59.15,60.31 1 1
github.com/jcsvwinston/GoFrame/pkg/quark/tx.go:60.31,62.12 2 0
github.com/jcsvwinston/GoFrame/pkg/quark/tx.go:66.2,66.31 1 1
github.com/jcsvwinston/GoFrame/pkg/quark/tx.go:66.31,67.43 1 1
github.com/jcsvwinston/GoFrame/pkg/quark/tx.go:67.43,69.4 1 0
github.com/jcsvwinston/GoFrame/pkg/quark/tx.go:70.3,70.13 1 1
github.com/jcsvwinston/GoFrame/pkg/quark/tx.go:73.2,73.20 1 1
github.com/jcsvwinston/GoFrame/pkg/quark/tx.go:77.29,79.2 1 1
github.com/jcsvwinston/GoFrame/pkg/quark/tx.go:82.31,84.2 1 1
github.com/jcsvwinston/GoFrame/pkg/quark/tx.go:87.43,88.64 1 1
github.com/jcsvwinston/GoFrame/pkg/quark/tx.go:88.64,90.3 1 0
github.com/jcsvwinston/GoFrame/pkg/quark/tx.go:91.2,92.12 2 1
github.com/jcsvwinston/GoFrame/pkg/quark/tx.go:96.44,97.64 1 1
github.com/jcsvwinston/GoFrame/pkg/quark/tx.go:97.64,99.3 1 0
github.com/jcsvwinston/GoFrame/pkg/quark/tx.go:100.2,101.12 2 1
github.com/jcsvwinston/GoFrame/pkg/quark/tx.go:105.50,106.64 1 1
github.com/jcsvwinston/GoFrame/pkg/quark/tx.go:106.64,108.3 1 0
github.com/jcsvwinston/GoFrame/pkg/quark/tx.go:109.2,110.12 2 1
github.com/jcsvwinston/GoFrame/pkg/quark/tx.go:113.67,115.44 2 1
github.com/jcsvwinston/GoFrame/pkg/quark/tx.go:115.44,117.3 1 0
github.com/jcsvwinston/GoFrame/pkg/quark/tx.go:119.2,119.15 1 1
github.com/jcsvwinston/GoFrame/pkg/quark/tx.go:119.15,120.31 1 1
github.com/jcsvwinston/GoFrame/pkg/quark/tx.go:120.31,122.12 2 0
github.com/jcsvwinston/GoFrame/pkg/quark/tx.go:126.2,126.30 1 1
github.com/jcsvwinston/GoFrame/pkg/quark/tx.go:126.30,127.50 1 1
github.com/jcsvwinston/GoFrame/pkg/quark/tx.go:127.50,129.4 1 0
github.com/jcsvwinston/GoFrame/pkg/quark/tx.go:130.3,130.13 1 1
github.com/jcsvwinston/GoFrame/pkg/quark/tx.go:133.2,133.35 1 1
github.com/jcsvwinston/GoFrame/pkg/quark/tx.go:144.58,157.2 2 1
github.com/jcsvwinston/GoFrame/pkg/quark/validator.go:13.65,15.71 1 1
github.com/jcsvwinston/GoFrame/pkg/quark/validator.go:15.71,16.41 1 0
github.com/jcsvwinston/GoFrame/pkg/quark/validator.go:16.41,18.4 1 0
github.com/jcsvwinston/GoFrame/pkg/quark/validator.go:22.2,22.39 1 1
